android/app/build/intermediates/manifest_merge_blame_file/release/manifest-merger-blame-release-report.txt
1<?xml version="1.0" encoding="utf-8"?>
2<manifest xmlns:android="http://schemas.android.com/apk/res/android"
3    package="com.dtccapp"
4    android:versionCode="1"
5    android:versionName="1.0" >
6
7    <uses-sdk
8        android:minSdkVersion="16"
8-->src\main\AndroidManifest.xml
9        android:targetSdkVersion="29" />
9-->src\main\AndroidManifest.xml
10
11    <uses-permission android:name="android.permission.INTERNET" />
11-->src\main\AndroidManifest.xml:4:5-67
11-->src\main\AndroidManifest.xml:4:22-64
12
13    <application
13-->src\main\AndroidManifest.xml:6:5-26:19
14        android:name="com.dtccapp.MainApplication"
14-->src\main\AndroidManifest.xml:7:7-38
15        android:allowBackup="false"
15-->src\main\AndroidManifest.xml:11:7-34
16        android:appComponentFactory="androidx.core.app.CoreComponentFactory"
16-->[androidx.core:core:1.1.0] AndroidManifest.xml:24:18-86
17        android:icon="@mipmap/ic_launcher"
17-->src\main\AndroidManifest.xml:9:7-41
18        android:label="@string/app_name"
18-->src\main\AndroidManifest.xml:8:7-39
19        android:roundIcon="@mipmap/ic_launcher_round"
19-->src\main\AndroidManifest.xml:10:7-52
20        android:theme="@style/AppTheme" >
20-->src\main\AndroidManifest.xml:12:7-38
21        <activity
21-->src\main\AndroidManifest.xml:13:7-24:18
22            android:name="com.dtccapp.MainActivity"
22-->src\main\AndroidManifest.xml:14:9-37
23            android:configChanges="keyboard|keyboardHidden|orientation|screenSize|uiMode"
23-->src\main\AndroidManifest.xml:16:9-86
24            android:label="@string/app_name"
24-->src\main\AndroidManifest.xml:15:9-41
25            android:launchMode="singleTask"
25-->src\main\AndroidManifest.xml:18:9-40
26            android:screenOrientation="portrait"
26-->src\main\AndroidManifest.xml:17:9-45
27            android:windowSoftInputMode="adjustResize" >
27-->src\main\AndroidManifest.xml:19:9-51
28            <intent-filter>
28-->src\main\AndroidManifest.xml:20:9-23:25
29                <action android:name="android.intent.action.MAIN" />
29-->src\main\AndroidManifest.xml:21:13-65
29-->src\main\AndroidManifest.xml:21:21-62
30
31                <category android:name="android.intent.category.LAUNCHER" />
31-->src\main\AndroidManifest.xml:22:13-73
31-->src\main\AndroidManifest.xml:22:23-70
32            </intent-filter>
33        </activity>
34        <activity android:name="com.facebook.react.devsupport.DevSettingsActivity" />
34-->src\main\AndroidManifest.xml:25:7-84
34-->src\main\AndroidManifest.xml:25:17-81
35        <activity
35-->[:react-native-paypal] AndroidManifest.xml:14:9-26:20
36            android:name="com.braintreepayments.api.BraintreeBrowserSwitchActivity"
36-->[:react-native-paypal] AndroidManifest.xml:15:13-84
37            android:launchMode="singleTask"
37-->[:react-native-paypal] AndroidManifest.xml:16:13-44
38            android:theme="@android:style/Theme.Translucent.NoTitleBar" >
38-->[:react-native-paypal] AndroidManifest.xml:17:13-72
39            <intent-filter>
39-->[:react-native-paypal] AndroidManifest.xml:18:13-25:29
40                <action android:name="android.intent.action.VIEW" />
40-->[:react-native-paypal] AndroidManifest.xml:19:17-69
40-->[:react-native-paypal] AndroidManifest.xml:19:25-66
41
42                <category android:name="android.intent.category.DEFAULT" />
42-->[:react-native-paypal] AndroidManifest.xml:21:17-76
42-->[:react-native-paypal] AndroidManifest.xml:21:27-73
43                <category android:name="android.intent.category.BROWSABLE" />
43-->[:react-native-paypal] AndroidManifest.xml:22:17-78
43-->[:react-native-paypal] AndroidManifest.xml:22:27-75
44
45                <data android:scheme="com.dtccapp.braintree" />
45-->[:react-native-paypal] AndroidManifest.xml:24:17-69
45-->[:react-native-paypal] AndroidManifest.xml:24:23-66
46            </intent-filter>
47        </activity>
48
49        <provider
49-->[:react-native-webview] AndroidManifest.xml:12:9-20:20
50            android:name="com.reactnativecommunity.webview.RNCWebViewFileProvider"
50-->[:react-native-webview] AndroidManifest.xml:13:13-83
51            android:authorities="com.dtccapp.fileprovider"
51-->[:react-native-webview] AndroidManifest.xml:14:13-64
52            android:exported="false"
52-->[:react-native-webview] AndroidManifest.xml:15:13-37
53            android:grantUriPermissions="true" >
53-->[:react-native-webview] AndroidManifest.xml:16:13-47
54            <meta-data
54-->[:react-native-webview] AndroidManifest.xml:17:13-19:63
55                android:name="android.support.FILE_PROVIDER_PATHS"
55-->[:react-native-webview] AndroidManifest.xml:18:17-67
56                android:resource="@xml/file_provider_paths" />
56-->[:react-native-webview] AndroidManifest.xml:19:17-60
57        </provider>
58    </application>
59
60</manifest>